<?xml version="1.0" encoding="UTF-8"?>
<!-- Generated by org.testng.reporters.JUnitXMLReporter -->
<testsuite ignored="0" hostname="Mohannads-MBP.askey.com" failures="0" tests="4" name="smokeTests" time="9.573" errors="0" timestamp="2022-11-30T16:15:27 MST">
  <testcase classname="tests.SignupTests" name="signUpPage" time="3.01"/>
  <testcase classname="tests.SignupTests" name="test2" time="0.001"/>
  <testcase classname="tests.SignupTests" name="test3" time="0.001"/>
  <testcase classname="tests.SignupTests" name="test4" time="0.002"/>
</testsuite> <!-- smokeTests -->
