<?xml version="1.0" encoding="UTF-8"?>
<!-- Generated by org.testng.reporters.JUnitXMLReporter -->
<testsuite ignored="3" hostname="Mohannads-MBP.askey.com" failures="0" tests="1" name="UI-smokeTests" time="4.969" errors="0" timestamp="2022-11-30T16:33:09 MST">
  <testcase classname="tests.SignupTests" name="signUpPage" time="4.934"/>
  <testcase classname="tests.SignupTests" name="test2" time="0.0">
    <ignored/>
  </testcase> <!-- test2 -->
  <testcase classname="tests.SignupTests" name="test4" time="0.0">
    <ignored/>
  </testcase> <!-- test4 -->
  <testcase classname="tests.SignupTests" name="test3" time="0.0">
    <ignored/>
  </testcase> <!-- test3 -->
</testsuite> <!-- UI-smokeTests -->
