<?xml version="1.0" encoding="UTF-8"?>
<!-- Generated by org.testng.reporters.JUnitXMLReporter -->
<testsuite ignored="0" hostname="Mohannads-MBP.askey.com" failures="0" tests="6" name="Default test" time="42.688" errors="0" timestamp="2022-12-01T17:21:12 MST">
  <testcase classname="tests.AmazonSearch" name="AmazonSearchTest" time="4.884"/>
  <testcase classname="tests.AmazonSearch" name="AmazonSearchTest" time="5.513"/>
  <testcase classname="tests.AmazonSearch" name="AmazonSearchTest" time="5.056"/>
  <testcase classname="tests.AmazonSearch" name="AmazonSearchTest" time="5.666"/>
  <testcase classname="tests.AmazonSearch" name="AmazonSearchTest" time="5.158"/>
  <testcase classname="tests.AmazonSearch" name="AmazonSearchTest" time="6.389"/>
</testsuite> <!-- Default test -->
