<?xml version="1.0" encoding="UTF-8"?>
<!-- Generated by org.testng.reporters.JUnitXMLReporter -->
<testsuite ignored="1" hostname="Mohannads-MBP.askey.com" failures="0" tests="10" name="Default test" time="46.692" errors="0" timestamp="2022-12-30T00:52:47 MST">
  <testcase classname="tests.AmazonSearchWithExcel" name="AmazonSearchTest" time="4.476"/>
  <testcase classname="tests.AmazonSearchWithExcel" name="AmazonSearchTest" time="3.653"/>
  <testcase classname="tests.AmazonSearchWithExcel" name="AmazonSearchTest" time="3.568"/>
  <testcase classname="tests.AmazonSearchWithExcel" name="AmazonSearchTest" time="3.701"/>
  <testcase classname="tests.AmazonSearchWithExcel" name="AmazonSearchTest" time="3.978"/>
  <testcase classname="tests.AmazonSearchWithExcel" name="AmazonSearchTest" time="3.654"/>
  <testcase classname="tests.AmazonSearchWithExcel" name="AmazonSearchTest" time="3.772"/>
  <testcase classname="tests.AmazonSearchWithExcel" name="AmazonSearchTest" time="3.933"/>
  <testcase classname="tests.AmazonSearchWithExcel" name="AmazonSearchTest" time="3.756"/>
  <testcase classname="tests.AmazonSearchWithExcel" name="AmazonSearchTest" time="3.711"/>
  <testcase classname="tests.AmazonSearchWithExcel" name="test" time="0.0">
    <ignored/>
  </testcase> <!-- test -->
</testsuite> <!-- Default test -->
