<?xml version="1.0" encoding="UTF-8"?>
<testng-results ignored="0" total="1" passed="1" failed="0" skipped="0">
  <reporter-output>
  </reporter-output>
  <suite started-at="2022-12-29T01:56:34 MST" name="Default suite" finished-at="2022-12-29T01:57:03 MST" duration-ms="29328">
    <groups>
    </groups>
    <test started-at="2022-12-29T01:56:34 MST" name="Default test" finished-at="2022-12-29T01:57:03 MST" duration-ms="29328">
      <class name="tests.CarterItemsTests">
        <test-method is-config="true" signature="setUp()[pri:0, instance:tests.CarterItemsTests@358ee631]" started-at="2022-12-29T01:56:34 MST" name="setUp" finished-at="2022-12-29T01:56:45 MST" duration-ms="10540" status="PASS">
          <reporter-output>
          </reporter-output>
        </test-method> <!-- setUp -->
        <test-method signature="createItem()[pri:0, instance:tests.CarterItemsTests@358ee631]" started-at="2022-12-29T01:56:45 MST" name="createItem" finished-at="2022-12-29T01:57:03 MST" duration-ms="18164" status="PASS">
          <reporter-output>
          </reporter-output>
        </test-method> <!-- createItem -->
        <test-method is-config="true" signature="wrapup()[pri:0, instance:tests.CarterItemsTests@358ee631]" started-at="2022-12-29T01:57:03 MST" name="wrapup" finished-at="2022-12-29T01:57:03 MST" duration-ms="597" status="PASS">
          <reporter-output>
          </reporter-output>
        </test-method> <!-- wrapup -->
      </class> <!-- tests.CarterItemsTests -->
    </test> <!-- Default test -->
  </suite> <!-- Default suite -->
</testng-results>
